Determining if the pthread_create exist failed with the following output:
Change Dir: /home/robot/team2a/catkin_ws/build/CMakeFiles/CMakeTmp

Run Build Command:"/usr/bin/make" "cmTC_598bb/fast"
/usr/bin/make -f CMakeFiles/cmTC_598bb.dir/build.make CMakeFiles/cmTC_598bb.dir/build
make[1]: Entering directory '/home/robot/team2a/catkin_ws/build/CMakeFiles/CMakeTmp'
Building C object CMakeFiles/cmTC_598bb.dir/CheckSymbolExists.c.o
/usr/bin/cc    -Wreturn-type -Wuninitialized -Wreturn-type -Wuninitialized     -o CMakeFiles/cmTC_598bb.dir/CheckSymbolExists.c.o   -c /home/robot/team2a/catkin_ws/build/CMakeFiles/CMakeTmp/CheckSymbolExists.c
Linking C executable cmTC_598bb
/usr/bin/cmake -E cmake_link_script CMakeFiles/cmTC_598bb.dir/link.txt --verbose=1
/usr/bin/cc   -Wreturn-type -Wuninitialized -Wreturn-type -Wuninitialized      CMakeFiles/cmTC_598bb.dir/CheckSymbolExists.c.o  -o cmTC_598bb -rdynamic 
CMakeFiles/cmTC_598bb.dir/CheckSymbolExists.c.o: In function `main':
CheckSymbolExists.c:(.text+0x16): undefined reference to `pthread_create'
collect2: error: ld returned 1 exit status
CMakeFiles/cmTC_598bb.dir/build.make:97: recipe for target 'cmTC_598bb' failed
make[1]: *** [cmTC_598bb] Error 1
make[1]: Leaving directory '/home/robot/team2a/catkin_ws/build/CMakeFiles/CMakeTmp'
Makefile:126: recipe for target 'cmTC_598bb/fast' failed
make: *** [cmTC_598bb/fast] Error 2

File /home/robot/team2a/catkin_ws/build/CMakeFiles/CMakeTmp/CheckSymbolExists.c:
/* */
#include <pthread.h>

int main(int argc, char** argv)
{
  (void)argv;
#ifndef pthread_create
  return ((int*)(&pthread_create))[argc];
#else
  (void)argc;
  return 0;
#endif
}

Determining if the function pthread_create exists in the pthreads failed with the following output:
Change Dir: /home/robot/team2a/catkin_ws/build/CMakeFiles/CMakeTmp

Run Build Command:"/usr/bin/make" "cmTC_b70b3/fast"
/usr/bin/make -f CMakeFiles/cmTC_b70b3.dir/build.make CMakeFiles/cmTC_b70b3.dir/build
make[1]: Entering directory '/home/robot/team2a/catkin_ws/build/CMakeFiles/CMakeTmp'
Building C object CMakeFiles/cmTC_b70b3.dir/CheckFunctionExists.c.o
/usr/bin/cc    -Wreturn-type -Wuninitialized -Wreturn-type -Wuninitialized  -DCHECK_FUNCTION_EXISTS=pthread_create   -o CMakeFiles/cmTC_b70b3.dir/CheckFunctionExists.c.o   -c /usr/share/cmake-3.5/Modules/CheckFunctionExists.c
Linking C executable cmTC_b70b3
/usr/bin/cmake -E cmake_link_script CMakeFiles/cmTC_b70b3.dir/link.txt --verbose=1
/usr/bin/cc   -Wreturn-type -Wuninitialized -Wreturn-type -Wuninitialized  -DCHECK_FUNCTION_EXISTS=pthread_create    CMakeFiles/cmTC_b70b3.dir/CheckFunctionExists.c.o  -o cmTC_b70b3 -rdynamic -lpthreads 
/usr/bin/ld: cannot find -lpthreads
collect2: error: ld returned 1 exit status
CMakeFiles/cmTC_b70b3.dir/build.make:97: recipe for target 'cmTC_b70b3' failed
make[1]: *** [cmTC_b70b3] Error 1
make[1]: Leaving directory '/home/robot/team2a/catkin_ws/build/CMakeFiles/CMakeTmp'
Makefile:126: recipe for target 'cmTC_b70b3/fast' failed
make: *** [cmTC_b70b3/fast] Error 2


